[debug] [2022-10-15T05:17:24.208Z] ----------------------------------------------------------------------
[debug] [2022-10-15T05:17:24.210Z] Command:       C:\Program Files\nodejs\node.exe C:\Users\81801\AppData\Roaming\npm\node_modules\firebase-tools\lib\bin\firebase.js init
[debug] [2022-10-15T05:17:24.211Z] CLI Version:   11.14.4
[debug] [2022-10-15T05:17:24.211Z] Platform:      win32
[debug] [2022-10-15T05:17:24.211Z] Node Version:  v16.15.1
[debug] [2022-10-15T05:17:24.220Z] Time:          Sat Oct 15 2022 14:17:24 GMT+0900 (日本標準時)
[debug] [2022-10-15T05:17:24.221Z] ----------------------------------------------------------------------
[debug] 
[debug] [2022-10-15T05:17:24.229Z] > command requires scopes: ["email","openid","https://www.googleapis.com/auth/cloudplatformprojects.readonly","https://www.googleapis.com/auth/firebase","https://www.googleapis.com/auth/cloud-platform"]
[debug] [2022-10-15T05:17:24.229Z] > authorizing via signed-in user (takahashiyui.0831@gmail.com)
[info] 
     ######## #### ########  ######## ########     ###     ######  ########
     ##        ##  ##     ## ##       ##     ##  ##   ##  ##       ##
     ######    ##  ########  ######   ########  #########  ######  ######
     ##        ##  ##    ##  ##       ##     ## ##     ##       ## ##
     ##       #### ##     ## ######## ########  ##     ##  ######  ########

You're about to initialize a Firebase project in this directory:

  C:\Users\81801\Desktop\yui_page

[info] 
=== Project Setup
[info] 
[info] First, let's associate this project directory with a Firebase project.
[info] You can create multiple project aliases by running firebase use --add, 
[info] but for now we'll just set up a default project.
[info] 
[debug] [2022-10-15T05:17:49.608Z] >>> [apiv2][query] GET https://firebase.googleapis.com/v1beta1/projects pageSize=100
[debug] [2022-10-15T05:17:50.330Z] <<< [apiv2][status] GET https://firebase.googleapis.com/v1beta1/projects 200
[debug] [2022-10-15T05:17:50.330Z] <<< [apiv2][body] GET https://firebase.googleapis.com/v1beta1/projects [omitted]
[debug] [2022-10-16T15:10:59.860Z] ----------------------------------------------------------------------
[debug] [2022-10-16T15:10:59.863Z] Command:       C:\Program Files\nodejs\node.exe C:\Users\81801\AppData\Roaming\npm\node_modules\firebase-tools\lib\bin\firebase.js init
[debug] [2022-10-16T15:10:59.863Z] CLI Version:   11.14.4
[debug] [2022-10-16T15:10:59.864Z] Platform:      win32
[debug] [2022-10-16T15:10:59.864Z] Node Version:  v16.15.1
[debug] [2022-10-16T15:10:59.872Z] Time:          Mon Oct 17 2022 00:10:59 GMT+0900 (日本標準時)
[debug] [2022-10-16T15:10:59.873Z] ----------------------------------------------------------------------
[debug] 
[debug] [2022-10-16T15:10:59.878Z] >>> [apiv2][query] GET https://firebase-public.firebaseio.com/cli.json [none]
[debug] [2022-10-16T15:10:59.903Z] > command requires scopes: ["email","openid","https://www.googleapis.com/auth/cloudplatformprojects.readonly","https://www.googleapis.com/auth/firebase","https://www.googleapis.com/auth/cloud-platform"]
[debug] [2022-10-16T15:10:59.903Z] > authorizing via signed-in user (takahashiyui.0831@gmail.com)
[info] 
     ######## #### ########  ######## ########     ###     ######  ########
     ##        ##  ##     ## ##       ##     ##  ##   ##  ##       ##
     ######    ##  ########  ######   ########  #########  ######  ######
     ##        ##  ##    ##  ##       ##     ## ##     ##       ## ##
     ##       #### ##     ## ######## ########  ##     ##  ######  ########

You're about to initialize a Firebase project in this directory:

  C:\Users\81801\Desktop\yui_page

[debug] [2022-10-16T15:11:00.299Z] <<< [apiv2][status] GET https://firebase-public.firebaseio.com/cli.json 200
[debug] [2022-10-16T15:11:00.300Z] <<< [apiv2][body] GET https://firebase-public.firebaseio.com/cli.json {"cloudBuildErrorAfter":1594252800000,"cloudBuildWarnAfter":1590019200000,"defaultNode10After":1594252800000,"minVersion":"3.0.5","node8DeploysDisabledAfter":1613390400000,"node8RuntimeDisabledAfter":1615809600000,"node8WarnAfter":1600128000000}
[info] 
=== Project Setup
[info] 
[info] First, let's associate this project directory with a Firebase project.
[info] You can create multiple project aliases by running firebase use --add, 
[info] but for now we'll just set up a default project.
[info] 
[debug] [2022-10-16T15:11:18.754Z] > refreshing access token with scopes: []
[debug] [2022-10-16T15:11:18.756Z] >>> [apiv2][query] POST https://www.googleapis.com/oauth2/v3/token [none]
[debug] [2022-10-16T15:11:18.756Z] >>> [apiv2][body] POST https://www.googleapis.com/oauth2/v3/token [omitted]
[debug] [2022-10-16T15:11:18.943Z] <<< [apiv2][status] POST https://www.googleapis.com/oauth2/v3/token 200
[debug] [2022-10-16T15:11:18.944Z] <<< [apiv2][body] POST https://www.googleapis.com/oauth2/v3/token [omitted]
[debug] [2022-10-16T15:11:18.962Z] >>> [apiv2][query] GET https://firebase.googleapis.com/v1beta1/projects pageSize=100
[debug] [2022-10-16T15:11:19.593Z] <<< [apiv2][status] GET https://firebase.googleapis.com/v1beta1/projects 200
[debug] [2022-10-16T15:11:19.593Z] <<< [apiv2][body] GET https://firebase.googleapis.com/v1beta1/projects [omitted]
